2024-06-05T09:56:29.162Z - GET /contact-me
2024-06-05T09:56:33.608Z - GET /
2024-06-05T09:56:36.946Z - GET /
2024-06-05T09:56:50.247Z - GET /todos
2024-06-05T09:56:50.302Z - GET /favicon.ico
2024-06-26T16:24:49.566Z - GET /login
2024-06-26T16:24:51.415Z - GET /
2024-06-26T16:24:51.713Z - GET /
2024-06-26T16:26:39.477Z - GET /
2024-06-26T16:26:39.498Z - GET /todo-list
2024-06-26T16:26:39.713Z - GET /favicon.ico
2024-06-26T16:26:40.805Z - GET /todo-list
2024-06-26T16:28:38.652Z - GET /todo-list
2024-06-26T16:28:50.980Z - POST /todos
2024-06-26T16:31:36.391Z - POST /todos
2024-06-26T16:31:41.753Z - POST /todos
2024-06-26T16:32:30.625Z - POST /todos
2024-06-26T16:32:38.185Z - GET /todo-list
2024-06-26T16:32:41.519Z - GET /todo-list
2024-06-26T16:33:22.481Z - POST /todos
2024-06-26T16:33:28.093Z - POST /todos
2024-06-26T16:34:32.909Z - GET /todo-list
2024-06-26T16:34:34.127Z - GET /todo-list
2024-06-26T16:35:03.437Z - GET /todo-list
2024-06-26T16:35:06.862Z - GET /
2024-06-26T16:35:06.868Z - GET /todo-list
2024-06-26T16:35:13.466Z - GET /
2024-06-26T16:35:13.471Z - GET /todo-list
2024-06-26T16:36:08.948Z - GET /todo-list
2024-06-26T16:36:14.501Z - GET /todo-list
2024-06-26T16:36:34.269Z - GET /todo-list
2024-06-26T16:36:39.372Z - GET /
2024-06-26T16:36:39.383Z - GET /todo-list
2024-06-26T16:36:43.055Z - GET /login
2024-06-26T16:36:46.207Z - GET /
2024-06-26T16:36:46.211Z - GET /todo-list
2024-06-26T16:36:48.588Z - GET /todo-list
2024-06-26T16:36:54.172Z - GET /
2024-06-26T16:36:54.176Z - GET /todo-list
2024-06-26T16:38:45.842Z - GET /todo-list
2024-06-26T16:38:46.647Z - GET /todo-list
2024-06-26T16:38:56.081Z - POST /todos
2024-06-26T16:45:28.347Z - POST /todos
2024-06-26T20:24:00.057Z - POST /todos
2024-06-26T20:24:37.536Z - POST /todos
2024-06-26T20:24:44.042Z - GET /todo-list
2024-06-26T20:26:35.995Z - GET /todo-list
2024-06-26T20:26:37.163Z - GET /todo-list
2024-06-26T20:26:46.299Z - POST /todos
2024-06-26T20:28:52.800Z - GET /todo-list
2024-06-26T20:32:48.589Z - GET /todo-list
2024-06-26T20:32:49.564Z - GET /todo-list
2024-06-26T20:33:08.103Z - POST /todos
2024-06-26T20:35:06.919Z - POST /todos
2024-06-26T20:35:10.131Z - GET /todo-list
2024-06-26T20:35:18.554Z - POST /todos
2024-06-26T20:36:35.696Z - POST /todos
2024-06-26T20:39:28.021Z - GET /todo-list
2024-06-26T20:39:31.889Z - GET /todo-list
2024-06-26T20:39:51.198Z - POST /todos
2024-06-26T20:40:00.743Z - POST /todos
2024-06-26T20:40:01.934Z - POST /todos
2024-06-26T20:40:06.724Z - POST /todos
2024-06-26T20:40:06.955Z - POST /todos
2024-06-26T20:40:07.137Z - POST /todos
2024-06-26T20:40:07.336Z - POST /todos
2024-06-26T20:41:46.473Z - GET /todo-list
2024-06-26T20:41:57.121Z - POST /todos
2024-06-26T20:42:03.298Z - GET /todo-list
2024-06-26T20:42:20.310Z - POST /todos
2024-06-26T20:42:24.631Z - POST /todos
2024-06-26T20:42:27.909Z - GET /todo-list
2024-06-26T20:42:30.663Z - GET /todo-list
2024-06-26T20:42:31.749Z - GET /todo-list
2024-06-26T20:42:32.001Z - GET /todo-list
2024-06-26T20:42:32.249Z - GET /todo-list
2024-06-26T20:42:36.821Z - GET /todo-list
2024-06-26T20:42:37.315Z - GET /todo-list
2024-06-26T20:42:37.519Z - GET /todo-list
2024-06-26T20:42:37.718Z - GET /todo-list
2024-06-26T20:42:37.939Z - GET /todo-list
2024-06-26T20:42:38.130Z - GET /todo-list
2024-06-26T20:46:50.493Z - GET /todo-list
2024-06-26T20:46:53.698Z - PUT /todos/1
2024-06-26T20:46:55.381Z - PUT /todos/2
2024-06-26T20:46:59.435Z - GET /todo-list
2024-06-26T20:47:55.344Z - PUT /todos/3
2024-06-26T20:47:56.102Z - PUT /todos/3
2024-06-26T20:47:56.931Z - PUT /todos/3
2024-06-26T20:49:17.400Z - GET /todo-list
2024-06-26T20:49:18.571Z - GET /todo-list
2024-06-26T20:49:28.029Z - PUT /todos/4
2024-06-26T20:49:28.951Z - PUT /todos/4
2024-06-26T20:51:06.949Z - GET /todos
2024-06-26T20:51:08.420Z - GET /
